2000.08.22 19:06 B C:\home\ReiterMartin\editiontirol\prosa\100und1stein.htm --> ftp.tirol.com /editiontirol/prosa 100und1stein.htm
2000.08.22 19:06 B C:\home\ReiterMartin\editiontirol\prosa\gedichtezustrauss.htm --> ftp.tirol.com /editiontirol/prosa gedichtezustrauss.htm
2000.08.22 19:06 B C:\home\ReiterMartin\editiontirol\prosa\sahocasia.htm --> ftp.tirol.com /editiontirol/prosa sahocasia.htm
2001.01.14 15:15 B C:\home\ReiterMartin\editiontirol\prosa\100und1stein.htm --> ftp.tirol.com /editiontirol/prosa 100und1stein.htm
2001.01.14 15:15 B C:\home\ReiterMartin\editiontirol\prosa\auanandazuageah.htm --> ftp.tirol.com /editiontirol/prosa auanandazuageah.htm
2001.01.14 15:15 B C:\home\ReiterMartin\editiontirol\prosa\dielebenseiche.htm --> ftp.tirol.com /editiontirol/prosa dielebenseiche.htm
2001.01.14 15:15 B C:\home\ReiterMartin\editiontirol\prosa\epigrammaton.htm --> ftp.tirol.com /editiontirol/prosa epigrammaton.htm
2001.01.14 15:15 B C:\home\ReiterMartin\editiontirol\prosa\gedichtezustrauss.htm --> ftp.tirol.com /editiontirol/prosa gedichtezustrauss.htm
2001.01.14 15:15 B C:\home\ReiterMartin\editiontirol\prosa\heitersrot-weiss-rot.htm --> ftp.tirol.com /editiontirol/prosa heitersrot-weiss-rot.htm
2001.01.14 15:15 B C:\home\ReiterMartin\editiontirol\prosa\imsonnenlicht.htm --> ftp.tirol.com /editiontirol/prosa imsonnenlicht.htm
2001.01.14 15:15 B C:\home\ReiterMartin\editiontirol\prosa\index.htm --> ftp.tirol.com /editiontirol/prosa index.htm
2001.01.14 15:15 B C:\home\ReiterMartin\editiontirol\prosa\ischenksunn.htm --> ftp.tirol.com /editiontirol/prosa ischenksunn.htm
2001.01.14 15:16 B C:\home\ReiterMartin\editiontirol\prosa\kraftausderstille.htm --> ftp.tirol.com /editiontirol/prosa kraftausderstille.htm
2001.01.14 15:16 B C:\home\ReiterMartin\editiontirol\prosa\mittnimlebn.htm --> ftp.tirol.com /editiontirol/prosa mittnimlebn.htm
2001.01.14 15:16 B C:\home\ReiterMartin\editiontirol\prosa\sahocasia.htm --> ftp.tirol.com /editiontirol/prosa sahocasia.htm
2001.01.14 15:16 B C:\home\ReiterMartin\editiontirol\prosa\stundengeliehgluecks.htm --> ftp.tirol.com /editiontirol/prosa stundengeliehgluecks.htm
2001.01.14 15:49 B C:\home\ReiterMartin\editiontirol\prosa\100und1stein.htm --> ftp.tirol.com /editiontirol/prosa 100und1stein.htm
2001.01.14 15:49 B C:\home\ReiterMartin\editiontirol\prosa\auanandazuageah.htm --> ftp.tirol.com /editiontirol/prosa auanandazuageah.htm
2001.01.14 15:49 B C:\home\ReiterMartin\editiontirol\prosa\dielebenseiche.htm --> ftp.tirol.com /editiontirol/prosa dielebenseiche.htm
2001.01.14 15:49 B C:\home\ReiterMartin\editiontirol\prosa\epigrammaton.htm --> ftp.tirol.com /editiontirol/prosa epigrammaton.htm
2001.01.14 15:49 B C:\home\ReiterMartin\editiontirol\prosa\gedichtezustrauss.htm --> ftp.tirol.com /editiontirol/prosa gedichtezustrauss.htm
2001.01.14 15:49 B C:\home\ReiterMartin\editiontirol\prosa\heitersrot-weiss-rot.htm --> ftp.tirol.com /editiontirol/prosa heitersrot-weiss-rot.htm
2001.01.14 15:49 B C:\home\ReiterMartin\editiontirol\prosa\imsonnenlicht.htm --> ftp.tirol.com /editiontirol/prosa imsonnenlicht.htm
2001.01.14 15:49 B C:\home\ReiterMartin\editiontirol\prosa\ischenksunn.htm --> ftp.tirol.com /editiontirol/prosa ischenksunn.htm
2001.01.14 15:49 B C:\home\ReiterMartin\editiontirol\prosa\kraftausderstille.htm --> ftp.tirol.com /editiontirol/prosa kraftausderstille.htm
2001.01.14 15:49 B C:\home\ReiterMartin\editiontirol\prosa\mittnimlebn.htm --> ftp.tirol.com /editiontirol/prosa mittnimlebn.htm
2001.01.14 15:50 B C:\home\ReiterMartin\editiontirol\prosa\sahocasia.htm --> ftp.tirol.com /editiontirol/prosa sahocasia.htm
2001.01.14 15:50 B C:\home\ReiterMartin\editiontirol\prosa\stundengeliehgluecks.htm --> ftp.tirol.com /editiontirol/prosa stundengeliehgluecks.htm
2001.01.22 17:12 B C:\home\ReiterMartin\editiontirol\prosa\index.htm --> ftp.tirol.com /editiontirol/prosa index.htm
2001.02.10 15:59 B c:\home\reitermartin\editiontirol\prosa\100und1stein.htm --> ftp.tirol.com /editiontirol/prosa 100und1stein.htm
2001.02.10 15:59 B c:\home\reitermartin\editiontirol\prosa\auanandazuageah.htm --> ftp.tirol.com /editiontirol/prosa auanandazuageah.htm
2001.02.10 15:59 B c:\home\reitermartin\editiontirol\prosa\dielebenseiche.htm --> ftp.tirol.com /editiontirol/prosa dielebenseiche.htm
2001.02.10 15:59 B c:\home\reitermartin\editiontirol\prosa\epigrammaton.htm --> ftp.tirol.com /editiontirol/prosa epigrammaton.htm
2001.02.10 15:59 B c:\home\reitermartin\editiontirol\prosa\gedichtezustrauss.htm --> ftp.tirol.com /editiontirol/prosa gedichtezustrauss.htm
2001.02.10 15:59 B c:\home\reitermartin\editiontirol\prosa\heitersrot-weiss-rot.htm --> ftp.tirol.com /editiontirol/prosa heitersrot-weiss-rot.htm
2001.02.10 15:59 B c:\home\reitermartin\editiontirol\prosa\imsonnenlicht.htm --> ftp.tirol.com /editiontirol/prosa imsonnenlicht.htm
2001.02.10 15:59 B c:\home\reitermartin\editiontirol\prosa\ischenksunn.htm --> ftp.tirol.com /editiontirol/prosa ischenksunn.htm
2001.02.10 15:59 B c:\home\reitermartin\editiontirol\prosa\kraftausderstille.htm --> ftp.tirol.com /editiontirol/prosa kraftausderstille.htm
2001.02.10 15:59 B c:\home\reitermartin\editiontirol\prosa\mittnimlebn.htm --> ftp.tirol.com /editiontirol/prosa mittnimlebn.htm
2001.02.10 15:59 B c:\home\reitermartin\editiontirol\prosa\sahocasia.htm --> ftp.tirol.com /editiontirol/prosa sahocasia.htm
2001.02.10 15:59 B c:\home\reitermartin\editiontirol\prosa\stundengeliehgluecks.htm --> ftp.tirol.com /editiontirol/prosa stundengeliehgluecks.htm
