2001.01.14 15:12 B C:\home\ReiterMartin\editiontirol\biographien\aschbacher.htm --> ftp.tirol.com /editiontirol/biographien aschbacher.htm
2001.01.14 15:12 B C:\home\ReiterMartin\editiontirol\biographien\aufderflucht.htm --> ftp.tirol.com /editiontirol/biographien aufderflucht.htm
2001.01.14 15:12 B C:\home\ReiterMartin\editiontirol\biographien\binder.htm --> ftp.tirol.com /editiontirol/biographien binder.htm
2001.01.14 15:13 B C:\home\ReiterMartin\editiontirol\biographien\diebrille.htm --> ftp.tirol.com /editiontirol/biographien diebrille.htm
2001.01.14 15:13 B C:\home\ReiterMartin\editiontirol\biographien\index.htm --> ftp.tirol.com /editiontirol/biographien index.htm
2001.01.14 15:13 B C:\home\ReiterMartin\editiontirol\biographien\maikaefer.htm --> ftp.tirol.com /editiontirol/biographien maikaefer.htm
2001.01.14 15:13 B C:\home\ReiterMartin\editiontirol\biographien\oerge.htm --> ftp.tirol.com /editiontirol/biographien oerge.htm
2001.01.14 15:38 B C:\home\ReiterMartin\editiontirol\biographien\aschbacher.htm --> ftp.tirol.com /editiontirol/biographien aschbacher.htm
2001.01.14 15:38 B C:\home\ReiterMartin\editiontirol\biographien\aufderflucht.htm --> ftp.tirol.com /editiontirol/biographien aufderflucht.htm
2001.01.14 15:38 B C:\home\ReiterMartin\editiontirol\biographien\binder.htm --> ftp.tirol.com /editiontirol/biographien binder.htm
2001.01.14 15:39 B C:\home\ReiterMartin\editiontirol\biographien\diebrille.htm --> ftp.tirol.com /editiontirol/biographien diebrille.htm
2001.01.14 15:39 B C:\home\ReiterMartin\editiontirol\biographien\index.htm --> ftp.tirol.com /editiontirol/biographien index.htm
2001.01.14 15:39 B C:\home\ReiterMartin\editiontirol\biographien\maikaefer.htm --> ftp.tirol.com /editiontirol/biographien maikaefer.htm
2001.01.14 15:39 B C:\home\ReiterMartin\editiontirol\biographien\oerge.htm --> ftp.tirol.com /editiontirol/biographien oerge.htm
2001.01.14 15:42 B C:\home\ReiterMartin\editiontirol\biographien\aschbacher.htm --> ftp.tirol.com /editiontirol/biographien aschbacher.htm
2001.01.14 15:42 B C:\home\ReiterMartin\editiontirol\biographien\aufderflucht.htm --> ftp.tirol.com /editiontirol/biographien aufderflucht.htm
2001.01.14 15:42 B C:\home\ReiterMartin\editiontirol\biographien\binder.htm --> ftp.tirol.com /editiontirol/biographien binder.htm
2001.01.14 15:43 B C:\home\ReiterMartin\editiontirol\biographien\diebrille.htm --> ftp.tirol.com /editiontirol/biographien diebrille.htm
2001.01.14 15:43 B C:\home\ReiterMartin\editiontirol\biographien\index.htm --> ftp.tirol.com /editiontirol/biographien index.htm
2001.01.14 15:43 B C:\home\ReiterMartin\editiontirol\biographien\maikaefer.htm --> ftp.tirol.com /editiontirol/biographien maikaefer.htm
2001.01.14 15:43 B C:\home\ReiterMartin\editiontirol\biographien\oerge.htm --> ftp.tirol.com /editiontirol/biographien oerge.htm
2001.01.14 15:43 B C:\home\ReiterMartin\editiontirol\biographien\binder.htm --> ftp.tirol.com /editiontirol/biographien binder.htm
2001.01.14 15:44 B C:\home\ReiterMartin\editiontirol\biographien\binder.htm --> ftp.tirol.com /editiontirol/biographien binder.htm
2001.01.14 15:45 B C:\home\ReiterMartin\editiontirol\biographien\binder.htm --> ftp.tirol.com /editiontirol/biographien binder.htm
2001.01.14 15:46 B C:\home\ReiterMartin\editiontirol\biographien\aschbacher.htm --> ftp.tirol.com /editiontirol/biographien aschbacher.htm
2001.01.14 15:46 B C:\home\ReiterMartin\editiontirol\biographien\aufderflucht.htm --> ftp.tirol.com /editiontirol/biographien aufderflucht.htm
2001.01.14 15:46 B C:\home\ReiterMartin\editiontirol\biographien\binder.htm --> ftp.tirol.com /editiontirol/biographien binder.htm
2001.01.14 15:46 B C:\home\ReiterMartin\editiontirol\biographien\diebrille.htm --> ftp.tirol.com /editiontirol/biographien diebrille.htm
2001.01.14 15:46 B C:\home\ReiterMartin\editiontirol\biographien\index.htm --> ftp.tirol.com /editiontirol/biographien index.htm
2001.01.14 15:47 B C:\home\ReiterMartin\editiontirol\biographien\maikaefer.htm --> ftp.tirol.com /editiontirol/biographien maikaefer.htm
2001.01.14 15:47 B C:\home\ReiterMartin\editiontirol\biographien\oerge.htm --> ftp.tirol.com /editiontirol/biographien oerge.htm
2001.02.10 15:30 B c:\home\reitermartin\editiontirol\biographien\aschbacher.htm --> ftp.tirol.com /editiontirol/biographien aschbacher.htm
2001.02.10 15:30 B c:\home\reitermartin\editiontirol\biographien\aufderflucht.htm --> ftp.tirol.com /editiontirol/biographien aufderflucht.htm
2001.02.10 15:30 B c:\home\reitermartin\editiontirol\biographien\binder.htm --> ftp.tirol.com /editiontirol/biographien binder.htm
2001.02.10 15:30 B c:\home\reitermartin\editiontirol\biographien\diebrille.htm --> ftp.tirol.com /editiontirol/biographien diebrille.htm
2001.02.10 15:30 B c:\home\reitermartin\editiontirol\biographien\maikaefer.htm --> ftp.tirol.com /editiontirol/biographien maikaefer.htm
2001.02.10 15:30 B c:\home\reitermartin\editiontirol\biographien\oerge.htm --> ftp.tirol.com /editiontirol/biographien oerge.htm
2001.02.10 15:47 B c:\home\reitermartin\editiontirol\biographien\aschbacher.htm --> ftp.tirol.com /editiontirol/biographien aschbacher.htm
2001.02.10 15:50 B c:\home\reitermartin\editiontirol\biographien\aschbacher.htm --> ftp.tirol.com /editiontirol/biographien aschbacher.htm
2001.02.10 15:51 B c:\home\reitermartin\editiontirol\biographien\maikaefer.htm --> ftp.tirol.com /editiontirol/biographien maikaefer.htm
2001.02.10 15:56 B c:\home\reitermartin\editiontirol\biographien\aschbacher.htm --> ftp.tirol.com /editiontirol/biographien aschbacher.htm
2001.02.10 15:56 B c:\home\reitermartin\editiontirol\biographien\aufderflucht.htm --> ftp.tirol.com /editiontirol/biographien aufderflucht.htm
2001.02.10 15:56 B c:\home\reitermartin\editiontirol\biographien\binder.htm --> ftp.tirol.com /editiontirol/biographien binder.htm
2001.02.10 15:56 B c:\home\reitermartin\editiontirol\biographien\diebrille.htm --> ftp.tirol.com /editiontirol/biographien diebrille.htm
2001.02.10 15:56 B c:\home\reitermartin\editiontirol\biographien\maikaefer.htm --> ftp.tirol.com /editiontirol/biographien maikaefer.htm
2001.02.10 15:56 B c:\home\reitermartin\editiontirol\biographien\oerge.htm --> ftp.tirol.com /editiontirol/biographien oerge.htm
2001.12.15 18:10 B d:\home\reitermartin\editiontirol\biographien\aschbacher.htm --> 212.152.255.9 /home/www/edition-tirol.com/biographien aschbacher.htm
2001.12.15 18:10 B d:\home\reitermartin\editiontirol\biographien\aufderflucht.htm --> 212.152.255.9 /home/www/edition-tirol.com/biographien aufderflucht.htm
2001.12.15 18:10 B d:\home\reitermartin\editiontirol\biographien\binder.htm --> 212.152.255.9 /home/www/edition-tirol.com/biographien binder.htm
2001.12.15 18:10 B d:\home\reitermartin\editiontirol\biographien\diebrille.htm --> 212.152.255.9 /home/www/edition-tirol.com/biographien diebrille.htm
2001.12.15 18:10 B d:\home\reitermartin\editiontirol\biographien\index.htm --> 212.152.255.9 /home/www/edition-tirol.com/biographien index.htm
2001.12.15 18:10 B d:\home\reitermartin\editiontirol\biographien\maikaefer.htm --> 212.152.255.9 /home/www/edition-tirol.com/biographien maikaefer.htm
2001.12.15 18:10 B d:\home\reitermartin\editiontirol\biographien\oerge.htm --> 212.152.255.9 /home/www/edition-tirol.com/biographien oerge.htm
