2001.01.14 15:21 B C:\home\ReiterMartin\editiontirol\nav\bestellung\danke.htm --> ftp.tirol.com /editiontirol/nav/bestellung danke.htm
2001.01.14 15:21 B C:\home\ReiterMartin\editiontirol\nav\bestellung\fehler.htm --> ftp.tirol.com /editiontirol/nav/bestellung fehler.htm
2001.01.14 15:21 B C:\home\ReiterMartin\editiontirol\nav\bestellung\index.htm --> ftp.tirol.com /editiontirol/nav/bestellung index.htm
2001.01.25 18:59 B c:\home\reitermartin\editiontirol\nav\bestellung\index.htm --> ftp.tirol.com /editiontirol/nav/bestellung index.htm
2001.01.25 19:02 B c:\home\reitermartin\editiontirol\nav\bestellung\index.htm --> ftp.tirol.com /editiontirol/nav/bestellung index.htm
2001.01.25 19:02 B c:\home\reitermartin\editiontirol\nav\bestellung\index.htm --> ftp.tirol.com /editiontirol/nav/bestellung index.htm
2001.01.25 19:14 B c:\home\reitermartin\editiontirol\nav\bestellung\index.htm --> ftp.tirol.com /editiontirol/nav/bestellung index.htm
2001.01.25 19:22 B c:\home\reitermartin\editiontirol\nav\bestellung\index.htm --> ftp.tirol.com /editiontirol/nav/bestellung index.htm
2001.01.25 19:35 B c:\home\reitermartin\editiontirol\nav\bestellung\index.htm --> ftp.tirol.com /editiontirol/nav/bestellung index.htm
2001.01.25 19:37 B c:\home\reitermartin\editiontirol\nav\bestellung\index.htm --> ftp.tirol.com /editiontirol/nav/bestellung index.htm
2001.01.25 19:38 B c:\home\reitermartin\editiontirol\nav\bestellung\index.htm --> ftp.tirol.com /editiontirol/nav/bestellung index.htm
2001.01.25 19:43 B c:\home\reitermartin\editiontirol\nav\bestellung\index.htm --> ftp.tirol.com /editiontirol/nav/bestellung index.htm
2001.12.15 18:02 B d:\home\reitermartin\editiontirol\nav\bestellung\danke.htm --> 212.152.255.9 /home/www/edition-tirol.com/nav/bestellung danke.htm
2001.12.15 18:02 B d:\home\reitermartin\editiontirol\nav\bestellung\fehler.htm --> 212.152.255.9 /home/www/edition-tirol.com/nav/bestellung fehler.htm
2001.12.15 18:02 B d:\home\reitermartin\editiontirol\nav\bestellung\index.htm --> 212.152.255.9 /home/www/edition-tirol.com/nav/bestellung index.htm
2001.12.15 18:02 B d:\home\reitermartin\editiontirol\nav\bestellung\WS_FTP.LOG --> 212.152.255.9 /home/www/edition-tirol.com/nav/bestellung WS_FTP.LOG
2002.01.14 17:09 B d:\home\reitermartin\editiontirol\nav\bestellung\index.htm --> www.edition-tirol.com /home/www/edition-tirol.com/nav/bestellung index.htm
2002.05.01 14:18 B d:\home\reitermartin\editiontirol\nav\bestellung\index.htm --> www.edition-tirol.com /home/www/edition-tirol.com/nav/bestellung index.htm
2002.05.01 14:18 B d:\home\reitermartin\editiontirol\nav\bestellung\WS_FTP.LOG --> www.edition-tirol.com /home/www/edition-tirol.com/nav/bestellung WS_FTP.LOG
2002.07.17 17:56 B d:\home\reitermartin\editiontirol\nav\bestellung\index.htm --> www.edition-tirol.com /home/www/edition-tirol.com/nav/bestellung index.htm
2002.07.17 18:03 B d:\home\reitermartin\editiontirol\nav\bestellung\index.htm --> www.edition-tirol.com /home/www/edition-tirol.com/nav/bestellung index.htm
2002.07.17 18:04 B d:\home\reitermartin\editiontirol\nav\bestellung\index.htm --> www.edition-tirol.com /home/www/edition-tirol.com/nav/bestellung index.htm
2002.07.17 18:09 B d:\home\reitermartin\editiontirol\nav\bestellung\index.htm --> www.edition-tirol.com /home/www/edition-tirol.com/nav/bestellung index.htm
2002.07.18 19:15 B d:\home\reitermartin\editiontirol\nav\bestellung\index.htm --> www.edition-tirol.com /home/www/edition-tirol.com/nav/bestellung index.htm
2002.09.19 17:18 B d:\home\reitermartin\editiontirol\nav\bestellung\index.htm --> www.edition-tirol.com /home/www/edition-tirol.com/nav/bestellung index.htm
2002.11.10 13:02 B d:\home\reitermartin\editiontirol\nav\bestellung\index.htm --> www.edition-tirol.com /home/www/edition-tirol.com/nav/bestellung index.htm
