2001.01.14 15:14 B C:\home\ReiterMartin\editiontirol\kinder\drachewildschoenau.htm --> ftp.tirol.com /editiontirol/kinder drachewildschoenau.htm
2001.01.14 15:14 B C:\home\ReiterMartin\editiontirol\kinder\index.htm --> ftp.tirol.com /editiontirol/kinder index.htm
2001.01.14 15:14 B C:\home\ReiterMartin\editiontirol\kinder\kinderhausmaerchen.htm --> ftp.tirol.com /editiontirol/kinder kinderhausmaerchen.htm
2001.01.14 15:14 B C:\home\ReiterMartin\editiontirol\kinder\oetzi.htm --> ftp.tirol.com /editiontirol/kinder oetzi.htm
2001.01.14 15:14 B C:\home\ReiterMartin\editiontirol\kinder\oetziskaetzchen.htm --> ftp.tirol.com /editiontirol/kinder oetziskaetzchen.htm
2001.01.14 15:14 B C:\home\ReiterMartin\editiontirol\kinder\staubdeslebens.htm --> ftp.tirol.com /editiontirol/kinder staubdeslebens.htm
2001.01.14 15:14 B C:\home\ReiterMartin\editiontirol\kinder\stuermtdieburg.htm --> ftp.tirol.com /editiontirol/kinder stuermtdieburg.htm
2001.01.14 15:48 B C:\home\ReiterMartin\editiontirol\kinder\drachewildschoenau.htm --> ftp.tirol.com /editiontirol/kinder drachewildschoenau.htm
2001.01.14 15:48 B C:\home\ReiterMartin\editiontirol\kinder\kinderhausmaerchen.htm --> ftp.tirol.com /editiontirol/kinder kinderhausmaerchen.htm
2001.01.14 15:48 B C:\home\ReiterMartin\editiontirol\kinder\oetzi.htm --> ftp.tirol.com /editiontirol/kinder oetzi.htm
2001.01.14 15:48 B C:\home\ReiterMartin\editiontirol\kinder\oetziskaetzchen.htm --> ftp.tirol.com /editiontirol/kinder oetziskaetzchen.htm
2001.01.14 15:48 B C:\home\ReiterMartin\editiontirol\kinder\staubdeslebens.htm --> ftp.tirol.com /editiontirol/kinder staubdeslebens.htm
2001.01.14 15:48 B C:\home\ReiterMartin\editiontirol\kinder\stuermtdieburg.htm --> ftp.tirol.com /editiontirol/kinder stuermtdieburg.htm
2001.02.10 15:55 B c:\home\reitermartin\editiontirol\kinder\drachewildschoenau.htm --> ftp.tirol.com /editiontirol/kinder drachewildschoenau.htm
2001.02.10 15:58 B c:\home\reitermartin\editiontirol\kinder\drachewildschoenau.htm --> ftp.tirol.com /editiontirol/kinder drachewildschoenau.htm
2001.02.10 15:58 B c:\home\reitermartin\editiontirol\kinder\kinderhausmaerchen.htm --> ftp.tirol.com /editiontirol/kinder kinderhausmaerchen.htm
2001.02.10 15:58 B c:\home\reitermartin\editiontirol\kinder\oetzi.htm --> ftp.tirol.com /editiontirol/kinder oetzi.htm
2001.02.10 15:58 B c:\home\reitermartin\editiontirol\kinder\oetziskaetzchen.htm --> ftp.tirol.com /editiontirol/kinder oetziskaetzchen.htm
2001.02.10 15:58 B c:\home\reitermartin\editiontirol\kinder\staubdeslebens.htm --> ftp.tirol.com /editiontirol/kinder staubdeslebens.htm
2001.02.10 15:58 B c:\home\reitermartin\editiontirol\kinder\stuermtdieburg.htm --> ftp.tirol.com /editiontirol/kinder stuermtdieburg.htm
