2001.01.14 15:17 B C:\home\ReiterMartin\editiontirol\tirolensien\1000jahretirol.htm --> ftp.tirol.com /editiontirol/tirolensien 1000jahretirol.htm
2001.01.14 15:17 B C:\home\ReiterMartin\editiontirol\tirolensien\coloniatirol.htm --> ftp.tirol.com /editiontirol/tirolensien coloniatirol.htm
2001.01.14 15:17 B C:\home\ReiterMartin\editiontirol\tirolensien\dreisommer.htm --> ftp.tirol.com /editiontirol/tirolensien dreisommer.htm
2001.01.14 15:18 B C:\home\ReiterMartin\editiontirol\tirolensien\goldenedachl.htm --> ftp.tirol.com /editiontirol/tirolensien goldenedachl.htm
2001.01.14 15:18 B C:\home\ReiterMartin\editiontirol\tirolensien\ibkstadtansichten.htm --> ftp.tirol.com /editiontirol/tirolensien ibkstadtansichten.htm
2001.01.14 15:18 B C:\home\ReiterMartin\editiontirol\tirolensien\index.htm --> ftp.tirol.com /editiontirol/tirolensien index.htm
2001.01.14 15:18 B C:\home\ReiterMartin\editiontirol\tirolensien\kleinabermein.htm --> ftp.tirol.com /editiontirol/tirolensien kleinabermein.htm
2001.01.14 15:18 B C:\home\ReiterMartin\editiontirol\tirolensien\matzeneralbum.htm --> ftp.tirol.com /editiontirol/tirolensien matzeneralbum.htm
2001.01.14 15:18 B C:\home\ReiterMartin\editiontirol\tirolensien\mythostiroler.htm --> ftp.tirol.com /editiontirol/tirolensien mythostiroler.htm
2001.01.14 15:18 B C:\home\ReiterMartin\editiontirol\tirolensien\schlossmatzen.htm --> ftp.tirol.com /editiontirol/tirolensien schlossmatzen.htm
2001.01.14 15:18 B C:\home\ReiterMartin\editiontirol\tirolensien\sommerfrischeachensee.htm --> ftp.tirol.com /editiontirol/tirolensien sommerfrischeachensee.htm
2001.01.14 15:18 B C:\home\ReiterMartin\editiontirol\tirolensien\tirolinansichten.htm --> ftp.tirol.com /editiontirol/tirolensien tirolinansichten.htm
2001.01.14 15:18 B C:\home\ReiterMartin\editiontirol\tirolensien\tuxzillertaler.htm --> ftp.tirol.com /editiontirol/tirolensien tuxzillertaler.htm
2001.01.14 15:18 B C:\home\ReiterMartin\editiontirol\tirolensien\zillertaleralbum.htm --> ftp.tirol.com /editiontirol/tirolensien zillertaleralbum.htm
2001.01.14 15:18 B C:\home\ReiterMartin\editiontirol\tirolensien\zillertalinansichten.htm --> ftp.tirol.com /editiontirol/tirolensien zillertalinansichten.htm
2001.01.14 15:18 B C:\home\ReiterMartin\editiontirol\tirolensien\zillnationalsaenger.htm --> ftp.tirol.com /editiontirol/tirolensien zillnationalsaenger.htm
2001.01.14 15:51 B C:\home\ReiterMartin\editiontirol\tirolensien\1000jahretirol.htm --> ftp.tirol.com /editiontirol/tirolensien 1000jahretirol.htm
2001.01.14 15:51 B C:\home\ReiterMartin\editiontirol\tirolensien\coloniatirol.htm --> ftp.tirol.com /editiontirol/tirolensien coloniatirol.htm
2001.01.14 15:51 B C:\home\ReiterMartin\editiontirol\tirolensien\dreisommer.htm --> ftp.tirol.com /editiontirol/tirolensien dreisommer.htm
2001.01.14 15:51 B C:\home\ReiterMartin\editiontirol\tirolensien\goldenedachl.htm --> ftp.tirol.com /editiontirol/tirolensien goldenedachl.htm
2001.01.14 15:51 B C:\home\ReiterMartin\editiontirol\tirolensien\ibkstadtansichten.htm --> ftp.tirol.com /editiontirol/tirolensien ibkstadtansichten.htm
2001.01.14 15:51 B C:\home\ReiterMartin\editiontirol\tirolensien\kleinabermein.htm --> ftp.tirol.com /editiontirol/tirolensien kleinabermein.htm
2001.01.14 15:51 B C:\home\ReiterMartin\editiontirol\tirolensien\matzeneralbum.htm --> ftp.tirol.com /editiontirol/tirolensien matzeneralbum.htm
2001.01.14 15:51 B C:\home\ReiterMartin\editiontirol\tirolensien\mythostiroler.htm --> ftp.tirol.com /editiontirol/tirolensien mythostiroler.htm
2001.01.14 15:51 B C:\home\ReiterMartin\editiontirol\tirolensien\schlossmatzen.htm --> ftp.tirol.com /editiontirol/tirolensien schlossmatzen.htm
2001.01.14 15:51 B C:\home\ReiterMartin\editiontirol\tirolensien\sommerfrischeachensee.htm --> ftp.tirol.com /editiontirol/tirolensien sommerfrischeachensee.htm
2001.01.14 15:51 B C:\home\ReiterMartin\editiontirol\tirolensien\tirolinansichten.htm --> ftp.tirol.com /editiontirol/tirolensien tirolinansichten.htm
2001.01.14 15:51 B C:\home\ReiterMartin\editiontirol\tirolensien\tuxzillertaler.htm --> ftp.tirol.com /editiontirol/tirolensien tuxzillertaler.htm
2001.01.14 15:51 B C:\home\ReiterMartin\editiontirol\tirolensien\zillertaleralbum.htm --> ftp.tirol.com /editiontirol/tirolensien zillertaleralbum.htm
2001.01.14 15:51 B C:\home\ReiterMartin\editiontirol\tirolensien\zillertalinansichten.htm --> ftp.tirol.com /editiontirol/tirolensien zillertalinansichten.htm
2001.01.14 15:52 B C:\home\ReiterMartin\editiontirol\tirolensien\zillnationalsaenger.htm --> ftp.tirol.com /editiontirol/tirolensien zillnationalsaenger.htm
2001.01.14 15:54 B C:\home\ReiterMartin\editiontirol\tirolensien\tuxzillertaler.htm --> ftp.tirol.com /editiontirol/tirolensien tuxzillertaler.htm
2001.01.14 15:55 B C:\home\ReiterMartin\editiontirol\tirolensien\1000jahretirol.htm --> ftp.tirol.com /editiontirol/tirolensien 1000jahretirol.htm
2001.01.14 15:55 B C:\home\ReiterMartin\editiontirol\tirolensien\coloniatirol.htm --> ftp.tirol.com /editiontirol/tirolensien coloniatirol.htm
2001.01.14 15:55 B C:\home\ReiterMartin\editiontirol\tirolensien\dreisommer.htm --> ftp.tirol.com /editiontirol/tirolensien dreisommer.htm
2001.01.14 15:55 B C:\home\ReiterMartin\editiontirol\tirolensien\goldenedachl.htm --> ftp.tirol.com /editiontirol/tirolensien goldenedachl.htm
2001.01.14 15:55 B C:\home\ReiterMartin\editiontirol\tirolensien\ibkstadtansichten.htm --> ftp.tirol.com /editiontirol/tirolensien ibkstadtansichten.htm
2001.01.14 15:55 B C:\home\ReiterMartin\editiontirol\tirolensien\index.htm --> ftp.tirol.com /editiontirol/tirolensien index.htm
2001.01.14 15:55 B C:\home\ReiterMartin\editiontirol\tirolensien\kleinabermein.htm --> ftp.tirol.com /editiontirol/tirolensien kleinabermein.htm
2001.01.14 15:55 B C:\home\ReiterMartin\editiontirol\tirolensien\matzeneralbum.htm --> ftp.tirol.com /editiontirol/tirolensien matzeneralbum.htm
2001.01.14 15:55 B C:\home\ReiterMartin\editiontirol\tirolensien\mythostiroler.htm --> ftp.tirol.com /editiontirol/tirolensien mythostiroler.htm
2001.01.14 15:55 B C:\home\ReiterMartin\editiontirol\tirolensien\schlossmatzen.htm --> ftp.tirol.com /editiontirol/tirolensien schlossmatzen.htm
2001.01.14 15:55 B C:\home\ReiterMartin\editiontirol\tirolensien\sommerfrischeachensee.htm --> ftp.tirol.com /editiontirol/tirolensien sommerfrischeachensee.htm
2001.01.14 15:56 B C:\home\ReiterMartin\editiontirol\tirolensien\tirolinansichten.htm --> ftp.tirol.com /editiontirol/tirolensien tirolinansichten.htm
2001.01.14 15:56 B C:\home\ReiterMartin\editiontirol\tirolensien\tuxzillertaler.htm --> ftp.tirol.com /editiontirol/tirolensien tuxzillertaler.htm
2001.01.14 15:56 B C:\home\ReiterMartin\editiontirol\tirolensien\WS_FTP.LOG --> ftp.tirol.com /editiontirol/tirolensien WS_FTP.LOG
2001.01.14 15:56 B C:\home\ReiterMartin\editiontirol\tirolensien\zillertaleralbum.htm --> ftp.tirol.com /editiontirol/tirolensien zillertaleralbum.htm
2001.01.14 15:56 B C:\home\ReiterMartin\editiontirol\tirolensien\zillertalinansichten.htm --> ftp.tirol.com /editiontirol/tirolensien zillertalinansichten.htm
2001.01.14 15:56 B C:\home\ReiterMartin\editiontirol\tirolensien\zillnationalsaenger.htm --> ftp.tirol.com /editiontirol/tirolensien zillnationalsaenger.htm
2001.02.10 16:00 B c:\home\reitermartin\editiontirol\tirolensien\1000jahretirol.htm --> ftp.tirol.com /editiontirol/tirolensien 1000jahretirol.htm
2001.02.10 16:00 B c:\home\reitermartin\editiontirol\tirolensien\coloniatirol.htm --> ftp.tirol.com /editiontirol/tirolensien coloniatirol.htm
2001.02.10 16:00 B c:\home\reitermartin\editiontirol\tirolensien\dreisommer.htm --> ftp.tirol.com /editiontirol/tirolensien dreisommer.htm
2001.02.10 16:00 B c:\home\reitermartin\editiontirol\tirolensien\goldenedachl.htm --> ftp.tirol.com /editiontirol/tirolensien goldenedachl.htm
2001.02.10 16:00 B c:\home\reitermartin\editiontirol\tirolensien\ibkstadtansichten.htm --> ftp.tirol.com /editiontirol/tirolensien ibkstadtansichten.htm
2001.02.10 16:01 B c:\home\reitermartin\editiontirol\tirolensien\kleinabermein.htm --> ftp.tirol.com /editiontirol/tirolensien kleinabermein.htm
2001.02.10 16:01 B c:\home\reitermartin\editiontirol\tirolensien\matzeneralbum.htm --> ftp.tirol.com /editiontirol/tirolensien matzeneralbum.htm
2001.02.10 16:01 B c:\home\reitermartin\editiontirol\tirolensien\mythostiroler.htm --> ftp.tirol.com /editiontirol/tirolensien mythostiroler.htm
2001.02.10 16:01 B c:\home\reitermartin\editiontirol\tirolensien\schlossmatzen.htm --> ftp.tirol.com /editiontirol/tirolensien schlossmatzen.htm
2001.02.10 16:01 B c:\home\reitermartin\editiontirol\tirolensien\sommerfrischeachensee.htm --> ftp.tirol.com /editiontirol/tirolensien sommerfrischeachensee.htm
2001.02.10 16:01 B c:\home\reitermartin\editiontirol\tirolensien\tirolinansichten.htm --> ftp.tirol.com /editiontirol/tirolensien tirolinansichten.htm
2001.02.10 16:01 B c:\home\reitermartin\editiontirol\tirolensien\tuxzillertaler.htm --> ftp.tirol.com /editiontirol/tirolensien tuxzillertaler.htm
2001.02.10 16:01 B c:\home\reitermartin\editiontirol\tirolensien\zillertaleralbum.htm --> ftp.tirol.com /editiontirol/tirolensien zillertaleralbum.htm
2001.02.10 16:01 B c:\home\reitermartin\editiontirol\tirolensien\zillertalinansichten.htm --> ftp.tirol.com /editiontirol/tirolensien zillertalinansichten.htm
2001.02.10 16:01 B c:\home\reitermartin\editiontirol\tirolensien\zillnationalsaenger.htm --> ftp.tirol.com /editiontirol/tirolensien zillnationalsaenger.htm
